Determining if the pthread_create exist failed with the following output:
Change Dir: /home/ubuntu/F1bot/build/CMakeFiles/CMakeTmp

Run Build Command:"/usr/bin/make" "cmTC_fc88d/fast"
/usr/bin/make -f CMakeFiles/cmTC_fc88d.dir/build.make CMakeFiles/cmTC_fc88d.dir/build
make[1]: Entering directory '/home/ubuntu/F1bot/build/CMakeFiles/CMakeTmp'
Building C object CMakeFiles/cmTC_fc88d.dir/CheckSymbolExists.c.o
/usr/bin/cc    -o CMakeFiles/cmTC_fc88d.dir/CheckSymbolExists.c.o   -c /home/ubuntu/F1bot/build/CMakeFiles/CMakeTmp/CheckSymbolExists.c
Linking C executable cmTC_fc88d
/usr/bin/cmake -E cmake_link_script CMakeFiles/cmTC_fc88d.dir/link.txt --verbose=1
/usr/bin/cc      -rdynamic CMakeFiles/cmTC_fc88d.dir/CheckSymbolExists.c.o  -o cmTC_fc88d 
CMakeFiles/cmTC_fc88d.dir/CheckSymbolExists.c.o: In function `main':
CheckSymbolExists.c:(.text+0x2c): undefined reference to `pthread_create'
collect2: error: ld returned 1 exit status
CMakeFiles/cmTC_fc88d.dir/build.make:97: recipe for target 'cmTC_fc88d' failed
make[1]: *** [cmTC_fc88d] Error 1
make[1]: Leaving directory '/home/ubuntu/F1bot/build/CMakeFiles/CMakeTmp'
Makefile:126: recipe for target 'cmTC_fc88d/fast' failed
make: *** [cmTC_fc88d/fast] Error 2

File /home/ubuntu/F1bot/build/CMakeFiles/CMakeTmp/CheckSymbolExists.c:
/* */
#include <pthread.h>

int main(int argc, char** argv)
{
  (void)argv;
#ifndef pthread_create
  return ((int*)(&pthread_create))[argc];
#else
  (void)argc;
  return 0;
#endif
}

Determining if the function pthread_create exists in the pthreads failed with the following output:
Change Dir: /home/ubuntu/F1bot/build/CMakeFiles/CMakeTmp

Run Build Command:"/usr/bin/make" "cmTC_581ab/fast"
/usr/bin/make -f CMakeFiles/cmTC_581ab.dir/build.make CMakeFiles/cmTC_581ab.dir/build
make[1]: Entering directory '/home/ubuntu/F1bot/build/CMakeFiles/CMakeTmp'
Building C object CMakeFiles/cmTC_581ab.dir/CheckFunctionExists.c.o
/usr/bin/cc   -DCHECK_FUNCTION_EXISTS=pthread_create   -o CMakeFiles/cmTC_581ab.dir/CheckFunctionExists.c.o   -c /usr/share/cmake-3.10/Modules/CheckFunctionExists.c
Linking C executable cmTC_581ab
/usr/bin/cmake -E cmake_link_script CMakeFiles/cmTC_581ab.dir/link.txt --verbose=1
/usr/bin/cc  -DCHECK_FUNCTION_EXISTS=pthread_create    -rdynamic CMakeFiles/cmTC_581ab.dir/CheckFunctionExists.c.o  -o cmTC_581ab -lpthreads 
/usr/bin/ld: cannot find -lpthreads
collect2: error: ld returned 1 exit status
CMakeFiles/cmTC_581ab.dir/build.make:97: recipe for target 'cmTC_581ab' failed
make[1]: *** [cmTC_581ab] Error 1
make[1]: Leaving directory '/home/ubuntu/F1bot/build/CMakeFiles/CMakeTmp'
Makefile:126: recipe for target 'cmTC_581ab/fast' failed
make: *** [cmTC_581ab/fast] Error 2


